<?xml version="1.0" encoding="UTF-8"?>
<testsuite xmlns:xsi="http://www.w3.org/2001/XMLSchema-instance" xsi:noNamespaceSchemaLocation="https://maven.apache.org/surefire/maven-surefire-plugin/xsd/surefire-test-report.xsd" version="3.0.2" name="io.testapi.rmsmedia.runners.TestRunner" time="10.019" tests="5" errors="0" skipped="0" failures="1">
  <properties>
[...]
</properties>
  <testcase name="Scenario-1: Music tracks API availablity and performance" classname="Music tracks API data validation" time="5.441">
    <system-out><![CDATA[
Scenario: Scenario-1: Music tracks API availablity and performance &amp#27;[90m# src/test/resources/features/music-tracks-data-validation.feature:6&amp#27;[0m

    Testing the scenario: Scenario-1: Music tracks API availablity and performance

  &amp#27;[32mGiven &amp#27;[0m&amp#27;[32m&amp#27;[0m&amp#27;[32m&amp#27;[1m'Jo'&amp#27;[0m&amp#27;[32m wants to browse music tracks&amp#27;[0m                          &amp#27;[90m# io.testapi.rmsmedia.steps.MusicTracksSteps.wants_to_browse_music_tracks(java.lang.String)&amp#27;[0m
Request method:	GET
Request URI:	https://testapi.io/api/rmstest/media
Proxy:			<none>
Request params:	<none>
Query params:	<none>
Form params:	<none>
Path params:	<none>
Headers:		Accept=*/*
Cookies:		<none>
Multiparts:		<none>
Body:			<none>

    Request:
    Request Method: GET
    Request URI: https://testapi.io/api/rmstest/media
    Request Headers: Accept=*/*
    Request Body: No body


    Response:
    Response Status: 200
    Response Headers: Server=nginx/1.18.0 (Ubuntu)
    Content-Type=application/json
    Transfer-Encoding=chunked
    Connection=keep-alive
    Cache-Control=max-age=30, public, s-maxage=30, stale-if-error=7200, stale-while-revalidate=7200
    Date=Sat, 21 Sep 2024 23:53:51 GMT
    Pragma=public
    X-RateLimit-Limit=60
    X-RateLimit-Remaining=59
    Response Body: {
        "data": [
            {
                "type": "music_track",
                "id": "p002d79p",
                "segment_type": "music",
                "title_list": {
                    "primary": "John Mellencamp",
                    "secondary": "Jack And Diane",
                    "tertiary": null
                },
                "synopses": null,
                "image_url": null,
                "offset": {
                    "start": 100,
                    "end": 4500,
                    "label": null,
                    "now_playing": false
                },
                "uris": [
                    {
                        "type": "commercial-music-service",
                        "id": "commercial-music-service-spotify",
                        "label": "Spotify",
                        "uri": "https://open.spotify.com/track/43btz2xjMKpcmjkuRsvxyg"
                    },
                    {
                        "type": "commercial-music-service",
                        "id": "commercial-music-service-apple",
                        "label": "Apple Music",
                        "uri": "https://music.apple.com/gb/album/jack-diane/1440786233?i=1440786241"
                    }
                ]
            },
            {
                "type": "music_track",
                "id": "p002d7bc",
                "segment_type": "music",
                "title_list": {
                    "primary": "Nessa Jenkins & Bryn West (Ruth Jones and Rob Brydon) - Islands In The Stream (R.N.D)",
                    "secondary": null,
                    "tertiary": null
                },
                "synopses": null,
                "image_url": null,
                "offset": {
                    "start": 4550,
                    "end": 10000,
                    "label": null,
                    "now_playing": true
                },
                "uris": [
                    
                ]
            },
            {
                "type": "music_track",
                "id": "p002d7jv",
                "segment_type": "music",
                "title_list": {
                    "primary": "CeCe Peniston",
                    "secondary": "Finally",
                    "tertiary": null
                },
                "synopses": null,
                "image_url": null,
                "offset": {
                    "start": 10060,
                    "end": 12000,
                    "label": null,
                    "now_playing": false
                },
                "uris": [
                    {
                        "type": "commercial-music-service",
                        "id": "commercial-music-service-spotify",
                        "label": "Spotify",
                        "uri": "https://open.spotify.com/track/3eGK6iiWkXqMqpQcrRpDqV"
                    },
                    {
                        "type": "commercial-music-service",
                        "id": "commercial-music-service-apple",
                        "label": "Apple Music",
                        "uri": "https://music.apple.com/gb/album/finally-12-version/1444207021?i=1444208000"
                    }
                ]
            },
            {
                "type": "music_track",
                "id": "p002d7s3",
                "segment_type": "music",
                "title_list": {
                    "primary": "Candi Staton",
                    "secondary": "Young Hearts Run Free",
                    "tertiary": null
                },
                "synopses": null,
                "image_url": null,
                "offset": {
                    "start": 12046,
                    "end": 12857,
                    "label": null,
                    "now_playing": false
                },
                "uris": [
                    {
                        "type": "commercial-music-service",
                        "id": "commercial-music-service-spotify",
                        "label": "Spotify",
                        "uri": "https://open.spotify.com/track/3MFa9idQuY4iJLWsZl3tIQ"
                    },
                    {
                        "type": "commercial-music-service",
                        "id": "commercial-music-service-apple",
                        "label": "Apple Music",
                        "uri": "https://music.apple.com/gb/album/young-hearts-run-free/1560122078?i=1560126457"
                    }
                ]
            },
            {
                "type": "music_track",
                "id": "p002gdsh",
                "segment_type": "music",
                "title_list": {
                    "primary": "Wham!",
                    "secondary": "I'm Your Man",
                    "tertiary": null
                },
                "synopses": null,
                "image_url": null,
                "offset": {
                    "start": 13000,
                    "end": 13900,
                    "label": null,
                    "now_playing": false
                },
                "uris": [
                    {
                        "type": "commercial-music-service",
                        "id": "commercial-music-service-spotify",
                        "label": "Spotify",
                        "uri": "https://open.spotify.com/track/2gG7E5OZi5D5QLRIctv63z"
                    },
                    {
                        "type": "commercial-music-service",
                        "id": "commercial-music-service-apple",
                        "label": "Apple Music",
                        "uri": "https://music.apple.com/gb/album/im-your-man/477441767?i=477441983"
                    }
                ]
            },
            {
                "type": "music_track",
                "id": "p002gdsj",
                "segment_type": "music",
                "title_list": {
                    "primary": "Franz Ferdinand",
                    "secondary": "No You Girls",
                    "tertiary": null
                },
                "synopses": null,
                "image_url": null,
                "offset": {
                    "start": 14000,
                    "end": 15000,
                    "label": null,
                    "now_playing": false
                },
                "uris": [
                    {
                        "type": "commercial-music-service",
                        "id": "commercial-music-service-spotify",
                        "label": "Spotify",
                        "uri": "https://open.spotify.com/track/4VP8QiCeaZq8BeTIUrMQOG"
                    },
                    {
                        "type": "commercial-music-service",
                        "id": "commercial-music-service-apple",
                        "label": "Apple Music",
                        "uri": "https://music.apple.com/gb/album/no-you-girls/300683347?i=300683350"
                    }
                ]
            },
            {
                "type": "music_track",
                "id": "p002gdsl",
                "segment_type": "music",
                "title_list": {
                    "primary": "The Beatles",
                    "secondary": "Got To Get You Into My Life",
                    "tertiary": null
                },
                "synopses": null,
                "image_url": null,
                "offset": {
                    "start": 15010,
                    "end": 16000,
                    "label": null,
                    "now_playing": false
                },
                "uris": [
                    {
                        "type": "commercial-music-service",
                        "id": "commercial-music-service-spotify",
                        "label": "Spotify",
                        "uri": "https://open.spotify.com/track/3tGhRLgcCP6SIZU3tbGl7l"
                    },
                    {
                        "type": "commercial-music-service",
                        "id": "commercial-music-service-apple",
                        "label": "Apple Music",
                        "uri": "https://music.apple.com/gb/album/hey-jude-remastered-2015/1541218898?i=1541218906"
                    }
                ]
            },
            {
                "type": "music_track",
                "id": "p002gdsm",
                "segment_type": "music",
                "title_list": {
                    "primary": "ShÃ¨na",
                    "secondary": "Can't Stop The Rain",
                    "tertiary": null
                },
                "synopses": null,
                "image_url": null,
                "offset": {
                    "start": 16010,
                    "end": 17500,
                    "label": null,
                    "now_playing": false
                },
                "uris": [
                    
                ]
            },
            {
                "type": "music_track",
                "id": "p002gdsp",
                "segment_type": "music",
                "title_list": {
                    "primary": "Yeh Yeh",
                    "secondary": null,
                    "tertiary": null
                },
                "synopses": null,
                "image_url": null,
                "offset": {
                    "start": 17600,
                    "end": 19000,
                    "label": null,
                    "now_playing": false
                },
                "uris": [
                    {
                        "type": "commercial-music-service",
                        "id": "commercial-music-service-spotify",
                        "label": "Spotify",
                        "uri": "https://open.spotify.com/track/1PYpdnXFzFO4VM5K8G4PCu"
                    },
                    {
                        "type": "commercial-music-service",
                        "id": "commercial-music-service-apple",
                        "label": "Apple Music",
                        "uri": "https://music.apple.com/gb/album/yeh-yeh/1442557790?i=1442557801"
                    }
                ]
            },
            {
                "type": "music_track",
                "id": "p002gdsr",
                "segment_type": "music",
                "title_list": {
                    "primary": "Johnnie Allan",
                    "secondary": "The Promised Land",
                    "tertiary": null
                },
                "synopses": null,
                "image_url": null,
                "offset": {
                    "start": 19010,
                    "end": 20000,
                    "label": null,
                    "now_playing": false
                },
                "uris": [
                    {
                        "type": "commercial-music-service",
                        "id": "commercial-music-service-apple",
                        "label": "Apple Music",
                        "uri": "https://music.apple.com/gb/album/promised-land/821324149?i=821324314"
                    }
                ]
            },
            {
                "type": "music_track",
                "id": "p002gdss",
                "segment_type": "music",
                "title_list": {
                    "primary": "Shontelle Featuring Akon",
                    "secondary": "Stuck With Each Other",
                    "tertiary": null
                },
                "synopses": null,
                "image_url": null,
                "offset": {
                    "start": 20100,
                    "end": 22000,
                    "label": null,
                    "now_playing": false
                },
                "uris": [
                    
                ]
            },
            {
                "type": "music_track",
                "id": "p002gdsv",
                "segment_type": "music",
                "title_list": {
                    "primary": "Joe Brown",
                    "secondary": "Ain't Too Old",
                    "tertiary": null
                },
                "synopses": null,
                "image_url": null,
                "offset": {
                    "start": 22100,
                    "end": 24000,
                    "label": null,
                    "now_playing": false
                },
                "uris": [
                    
                ]
            },
            {
                "type": "music_track",
                "id": "p002gdsx",
                "segment_type": "music",
                "title_list": {
                    "primary": "Nirvana",
                    "secondary": "Smells Like Teen Spirit",
                    "tertiary": null
                },
                "synopses": null,
                "image_url": null,
                "offset": {
                    "start": 24100,
                    "end": 26000,
                    "label": null,
                    "now_playing": false
                },
                "uris": [
                    {
                        "type": "commercial-music-service",
                        "id": "commercial-music-service-spotify",
                        "label": "Spotify",
                        "uri": "https://open.spotify.com/track/6mpyO7bJaCrHzE0iQEtZiN"
                    },
                    {
                        "type": "commercial-music-service",
                        "id": "commercial-music-service-apple",
                        "label": "Apple Music",
                        "uri": "https://music.apple.com/gb/album/smells-like-teen-spirit-live-at-del-mar-fairgrounds/1440917165?i=14174030"
                    }
                ]
            },
            {
                "type": "music_track",
                "id": "p002gdsz",
                "segment_type": "music",
                "title_list": {
                    "primary": "Terry Jacks",
                    "secondary": "Seasons In The Sun",
                    "tertiary": null
                },
                "synopses": null,
                "image_url": null,
                "offset": {
                    "start": 26100,
                    "end": 28000,
                    "label": null,
                    "now_playing": false
                },
                "uris": [
                    {
                        "type": "commercial-music-service",
                        "id": "commercial-music-service-spotify",
                        "label": "Spotify",
                        "uri": "https://open.spotify.com/track/6YN3NnkXoFWbHkPYNE0dG3"
                    },
                    {
                        "type": "commercial-music-service",
                        "id": "commercial-music-service-apple",
                        "label": "Apple Music",
                        "uri": "https://music.apple.com/gb/album/seasons-in-the-sun/355934056?i=355934698"
                    }
                ]
            }
        ]
    }

  &amp#27;[32mWhen &amp#27;[0m&amp#27;[32m&amp#27;[0m&amp#27;[32m&amp#27;[1m'Jo'&amp#27;[0m&amp#27;[32m requests music tracks&amp#27;[0m                                  &amp#27;[90m# io.testapi.rmsmedia.steps.MusicTracksSteps.requests_music_tracks(java.lang.String)&amp#27;[0m
HTTP/1.1 200 OK
Server: nginx/1.18.0 (Ubuntu)
Content-Type: application/json
Transfer-Encoding: chunked
Connection: keep-alive
Cache-Control: max-age=30, public, s-maxage=30, stale-if-error=7200, stale-while-revalidate=7200
Date: Sat, 21 Sep 2024 23:53:51 GMT
Pragma: public
X-RateLimit-Limit: 60
X-RateLimit-Remaining: 59

{
    "data": [
        {
            "type": "music_track",
            "id": "p002d79p",
            "segment_type": "music",
            "title_list": {
                "primary": "John Mellencamp",
                "secondary": "Jack And Diane",
                "tertiary": null
            },
            "synopses": null,
            "image_url": null,
            "offset": {
                "start": 100,
                "end": 4500,
                "label": null,
                "now_playing": false
            },
            "uris": [
                {
                    "type": "commercial-music-service",
                    "id": "commercial-music-service-spotify",
                    "label": "Spotify",
                    "uri": "https://open.spotify.com/track/43btz2xjMKpcmjkuRsvxyg"
                },
                {
                    "type": "commercial-music-service",
                    "id": "commercial-music-service-apple",
                    "label": "Apple Music",
                    "uri": "https://music.apple.com/gb/album/jack-diane/1440786233?i=1440786241"
                }
            ]
        },
        {
            "type": "music_track",
            "id": "p002d7bc",
            "segment_type": "music",
            "title_list": {
                "primary": "Nessa Jenkins & Bryn West (Ruth Jones and Rob Brydon) - Islands In The Stream (R.N.D)",
                "secondary": null,
                "tertiary": null
            },
            "synopses": null,
            "image_url": null,
            "offset": {
                "start": 4550,
                "end": 10000,
                "label": null,
                "now_playing": true
            },
            "uris": [
                
            ]
        },
        {
            "type": "music_track",
            "id": "p002d7jv",
            "segment_type": "music",
            "title_list": {
                "primary": "CeCe Peniston",
                "secondary": "Finally",
                "tertiary": null
            },
            "synopses": null,
            "image_url": null,
            "offset": {
                "start": 10060,
                "end": 12000,
                "label": null,
                "now_playing": false
            },
            "uris": [
                {
                    "type": "commercial-music-service",
                    "id": "commercial-music-service-spotify",
                    "label": "Spotify",
                    "uri": "https://open.spotify.com/track/3eGK6iiWkXqMqpQcrRpDqV"
                },
                {
                    "type": "commercial-music-service",
                    "id": "commercial-music-service-apple",
                    "label": "Apple Music",
                    "uri": "https://music.apple.com/gb/album/finally-12-version/1444207021?i=1444208000"
                }
            ]
        },
        {
            "type": "music_track",
            "id": "p002d7s3",
            "segment_type": "music",
            "title_list": {
                "primary": "Candi Staton",
                "secondary": "Young Hearts Run Free",
                "tertiary": null
            },
            "synopses": null,
            "image_url": null,
            "offset": {
                "start": 12046,
                "end": 12857,
                "label": null,
                "now_playing": false
            },
            "uris": [
                {
                    "type": "commercial-music-service",
                    "id": "commercial-music-service-spotify",
                    "label": "Spotify",
                    "uri": "https://open.spotify.com/track/3MFa9idQuY4iJLWsZl3tIQ"
                },
                {
                    "type": "commercial-music-service",
                    "id": "commercial-music-service-apple",
                    "label": "Apple Music",
                    "uri": "https://music.apple.com/gb/album/young-hearts-run-free/1560122078?i=1560126457"
                }
            ]
        },
        {
            "type": "music_track",
            "id": "p002gdsh",
            "segment_type": "music",
            "title_list": {
                "primary": "Wham!",
                "secondary": "I'm Your Man",
                "tertiary": null
            },
            "synopses": null,
            "image_url": null,
            "offset": {
                "start": 13000,
                "end": 13900,
                "label": null,
                "now_playing": false
            },
            "uris": [
                {
                    "type": "commercial-music-service",
                    "id": "commercial-music-service-spotify",
                    "label": "Spotify",
                    "uri": "https://open.spotify.com/track/2gG7E5OZi5D5QLRIctv63z"
                },
                {
                    "type": "commercial-music-service",
                    "id": "commercial-music-service-apple",
                    "label": "Apple Music",
                    "uri": "https://music.apple.com/gb/album/im-your-man/477441767?i=477441983"
                }
            ]
        },
        {
            "type": "music_track",
            "id": "p002gdsj",
            "segment_type": "music",
            "title_list": {
                "primary": "Franz Ferdinand",
                "secondary": "No You Girls",
                "tertiary": null
            },
            "synopses": null,
            "image_url": null,
            "offset": {
                "start": 14000,
                "end": 15000,
                "label": null,
                "now_playing": false
            },
            "uris": [
                {
                    "type": "commercial-music-service",
                    "id": "commercial-music-service-spotify",
                    "label": "Spotify",
                    "uri": "https://open.spotify.com/track/4VP8QiCeaZq8BeTIUrMQOG"
                },
                {
                    "type": "commercial-music-service",
                    "id": "commercial-music-service-apple",
                    "label": "Apple Music",
                    "uri": "https://music.apple.com/gb/album/no-you-girls/300683347?i=300683350"
                }
            ]
        },
        {
            "type": "music_track",
            "id": "p002gdsl",
            "segment_type": "music",
            "title_list": {
                "primary": "The Beatles",
                "secondary": "Got To Get You Into My Life",
                "tertiary": null
            },
            "synopses": null,
            "image_url": null,
            "offset": {
                "start": 15010,
                "end": 16000,
                "label": null,
                "now_playing": false
            },
            "uris": [
                {
                    "type": "commercial-music-service",
                    "id": "commercial-music-service-spotify",
                    "label": "Spotify",
                    "uri": "https://open.spotify.com/track/3tGhRLgcCP6SIZU3tbGl7l"
                },
                {
                    "type": "commercial-music-service",
                    "id": "commercial-music-service-apple",
                    "label": "Apple Music",
                    "uri": "https://music.apple.com/gb/album/hey-jude-remastered-2015/1541218898?i=1541218906"
                }
            ]
        },
        {
            "type": "music_track",
            "id": "p002gdsm",
            "segment_type": "music",
            "title_list": {
                "primary": "Shèna",
                "secondary": "Can't Stop The Rain",
                "tertiary": null
            },
            "synopses": null,
            "image_url": null,
            "offset": {
                "start": 16010,
                "end": 17500,
                "label": null,
                "now_playing": false
            },
            "uris": [
                
            ]
        },
        {
            "type": "music_track",
            "id": "p002gdsp",
            "segment_type": "music",
            "title_list": {
                "primary": "Yeh Yeh",
                "secondary": null,
                "tertiary": null
            },
            "synopses": null,
            "image_url": null,
            "offset": {
                "start": 17600,
                "end": 19000,
                "label": null,
                "now_playing": false
            },
            "uris": [
                {
                    "type": "commercial-music-service",
                    "id": "commercial-music-service-spotify",
                    "label": "Spotify",
                    "uri": "https://open.spotify.com/track/1PYpdnXFzFO4VM5K8G4PCu"
                },
                {
                    "type": "commercial-music-service",
                    "id": "commercial-music-service-apple",
                    "label": "Apple Music",
                    "uri": "https://music.apple.com/gb/album/yeh-yeh/1442557790?i=1442557801"
                }
            ]
        },
        {
            "type": "music_track",
            "id": "p002gdsr",
            "segment_type": "music",
            "title_list": {
                "primary": "Johnnie Allan",
                "secondary": "The Promised Land",
                "tertiary": null
            },
            "synopses": null,
            "image_url": null,
            "offset": {
                "start": 19010,
                "end": 20000,
                "label": null,
                "now_playing": false
            },
            "uris": [
                {
                    "type": "commercial-music-service",
                    "id": "commercial-music-service-apple",
                    "label": "Apple Music",
                    "uri": "https://music.apple.com/gb/album/promised-land/821324149?i=821324314"
                }
            ]
        },
        {
            "type": "music_track",
            "id": "p002gdss",
            "segment_type": "music",
            "title_list": {
                "primary": "Shontelle Featuring Akon",
                "secondary": "Stuck With Each Other",
                "tertiary": null
            },
            "synopses": null,
            "image_url": null,
            "offset": {
                "start": 20100,
                "end": 22000,
                "label": null,
                "now_playing": false
            },
            "uris": [
                
            ]
        },
        {
            "type": "music_track",
            "id": "p002gdsv",
            "segment_type": "music",
            "title_list": {
                "primary": "Joe Brown",
                "secondary": "Ain't Too Old",
                "tertiary": null
            },
            "synopses": null,
            "image_url": null,
            "offset": {
                "start": 22100,
                "end": 24000,
                "label": null,
                "now_playing": false
            },
            "uris": [
                
            ]
        },
        {
            "type": "music_track",
            "id": "p002gdsx",
            "segment_type": "music",
            "title_list": {
                "primary": "Nirvana",
                "secondary": "Smells Like Teen Spirit",
                "tertiary": null
            },
            "synopses": null,
            "image_url": null,
            "offset": {
                "start": 24100,
                "end": 26000,
                "label": null,
                "now_playing": false
            },
            "uris": [
                {
                    "type": "commercial-music-service",
                    "id": "commercial-music-service-spotify",
                    "label": "Spotify",
                    "uri": "https://open.spotify.com/track/6mpyO7bJaCrHzE0iQEtZiN"
                },
                {
                    "type": "commercial-music-service",
                    "id": "commercial-music-service-apple",
                    "label": "Apple Music",
                    "uri": "https://music.apple.com/gb/album/smells-like-teen-spirit-live-at-del-mar-fairgrounds/1440917165?i=14174030"
                }
            ]
        },
        {
            "type": "music_track",
            "id": "p002gdsz",
            "segment_type": "music",
            "title_list": {
                "primary": "Terry Jacks",
                "secondary": "Seasons In The Sun",
                "tertiary": null
            },
            "synopses": null,
            "image_url": null,
            "offset": {
                "start": 26100,
                "end": 28000,
                "label": null,
                "now_playing": false
            },
            "uris": [
                {
                    "type": "commercial-music-service",
                    "id": "commercial-music-service-spotify",
                    "label": "Spotify",
                    "uri": "https://open.spotify.com/track/6YN3NnkXoFWbHkPYNE0dG3"
                },
                {
                    "type": "commercial-music-service",
                    "id": "commercial-music-service-apple",
                    "label": "Apple Music",
                    "uri": "https://music.apple.com/gb/album/seasons-in-the-sun/355934056?i=355934698"
                }
            ]
        }
    ]
}

    Jo successfully requested music tracks

  &amp#27;[32mThen &amp#27;[0m&amp#27;[32mshe should get a list of music tracks&amp#27;[0m                       &amp#27;[90m# io.testapi.rmsmedia.steps.MusicTracksSteps.should_receive_the_list_of_music_tracks()&amp#27;[0m

    Response time in milliseconds is: 
    1115

  &amp#27;[32mAnd &amp#27;[0m&amp#27;[32mthe response should be received within &amp#27;[0m&amp#27;[32m&amp#27;[1m2&amp#27;[0m&amp#27;[32m seconds&amp#27;[0m             &amp#27;[90m# io.testapi.rmsmedia.steps.MusicTracksSteps.the_response_is_received_within_seconds(java.lang.Long)&amp#27;[0m

    Tested the scenario: Scenario-1: Music tracks API availablity and performance, it's status is: PASSED

]]></system-out>
  </testcase>
  <testcase name="Scenario-2: Each track has a unique ID and segment type music" classname="Music tracks API data validation" time="0.937">
    <system-out><![CDATA[
Scenario: Scenario-2: Each track has a unique ID and segment type music &amp#27;[90m# src/test/resources/features/music-tracks-data-validation.feature:11&amp#27;[0m

    Testing the scenario: Scenario-2: Each track has a unique ID and segment type music

  &amp#27;[32mGiven &amp#27;[0m&amp#27;[32m&amp#27;[0m&amp#27;[32m&amp#27;[1m'Jo'&amp#27;[0m&amp#27;[32m wants to browse music tracks&amp#27;[0m                               &amp#27;[90m# io.testapi.rmsmedia.steps.MusicTracksSteps.wants_to_browse_music_tracks(java.lang.String)&amp#27;[0m
Request method:	GET
Request URI:	https://testapi.io/api/rmstest/media
Proxy:			<none>
Request params:	<none>
Query params:	<none>
Form params:	<none>
Path params:	<none>
Headers:		Accept=*/*
Cookies:		<none>
Multiparts:		<none>
Body:			<none>

    Request:
    Request Method: GET
    Request URI: https://testapi.io/api/rmstest/media
    Request Headers: Accept=*/*
    Request Body: No body


    Response:
    Response Status: 200
    Response Headers: Server=nginx/1.18.0 (Ubuntu)
    Content-Type=application/json
    Transfer-Encoding=chunked
    Connection=keep-alive
    Cache-Control=max-age=30, public, s-maxage=30, stale-if-error=7200, stale-while-revalidate=7200
    Date=Sat, 21 Sep 2024 23:53:53 GMT
    Pragma=public
    X-RateLimit-Limit=60
    X-RateLimit-Remaining=58
    Response Body: {
        "data": [
            {
                "type": "music_track",
                "id": "p002d79p",
                "segment_type": "music",
                "title_list": {
                    "primary": "John Mellencamp",
                    "secondary": "Jack And Diane",
                    "tertiary": null
                },
                "synopses": null,
                "image_url": null,
                "offset": {
                    "start": 100,
                    "end": 4500,
                    "label": null,
                    "now_playing": false
                },
                "uris": [
                    {
                        "type": "commercial-music-service",
                        "id": "commercial-music-service-spotify",
                        "label": "Spotify",
                        "uri": "https://open.spotify.com/track/43btz2xjMKpcmjkuRsvxyg"
                    },
                    {
                        "type": "commercial-music-service",
                        "id": "commercial-music-service-apple",
                        "label": "Apple Music",
                        "uri": "https://music.apple.com/gb/album/jack-diane/1440786233?i=1440786241"
                    }
                ]
            },
            {
                "type": "music_track",
                "id": "p002d7bc",
                "segment_type": "music",
                "title_list": {
                    "primary": "Nessa Jenkins & Bryn West (Ruth Jones and Rob Brydon) - Islands In The Stream (R.N.D)",
                    "secondary": null,
                    "tertiary": null
                },
                "synopses": null,
                "image_url": null,
                "offset": {
                    "start": 4550,
                    "end": 10000,
                    "label": null,
                    "now_playing": true
                },
                "uris": [
                    
                ]
            },
            {
                "type": "music_track",
                "id": "p002d7jv",
                "segment_type": "music",
                "title_list": {
                    "primary": "CeCe Peniston",
                    "secondary": "Finally",
                    "tertiary": null
                },
                "synopses": null,
                "image_url": null,
                "offset": {
                    "start": 10060,
                    "end": 12000,
                    "label": null,
                    "now_playing": false
                },
                "uris": [
                    {
                        "type": "commercial-music-service",
                        "id": "commercial-music-service-spotify",
                        "label": "Spotify",
                        "uri": "https://open.spotify.com/track/3eGK6iiWkXqMqpQcrRpDqV"
                    },
                    {
                        "type": "commercial-music-service",
                        "id": "commercial-music-service-apple",
                        "label": "Apple Music",
                        "uri": "https://music.apple.com/gb/album/finally-12-version/1444207021?i=1444208000"
                    }
                ]
            },
            {
                "type": "music_track",
                "id": "p002d7s3",
                "segment_type": "music",
                "title_list": {
                    "primary": "Candi Staton",
                    "secondary": "Young Hearts Run Free",
                    "tertiary": null
                },
                "synopses": null,
                "image_url": null,
                "offset": {
                    "start": 12046,
                    "end": 12857,
                    "label": null,
                    "now_playing": false
                },
                "uris": [
                    {
                        "type": "commercial-music-service",
                        "id": "commercial-music-service-spotify",
                        "label": "Spotify",
                        "uri": "https://open.spotify.com/track/3MFa9idQuY4iJLWsZl3tIQ"
                    },
                    {
                        "type": "commercial-music-service",
                        "id": "commercial-music-service-apple",
                        "label": "Apple Music",
                        "uri": "https://music.apple.com/gb/album/young-hearts-run-free/1560122078?i=1560126457"
                    }
                ]
            },
            {
                "type": "music_track",
                "id": "p002gdsh",
                "segment_type": "music",
                "title_list": {
                    "primary": "Wham!",
                    "secondary": "I'm Your Man",
                    "tertiary": null
                },
                "synopses": null,
                "image_url": null,
                "offset": {
                    "start": 13000,
                    "end": 13900,
                    "label": null,
                    "now_playing": false
                },
                "uris": [
                    {
                        "type": "commercial-music-service",
                        "id": "commercial-music-service-spotify",
                        "label": "Spotify",
                        "uri": "https://open.spotify.com/track/2gG7E5OZi5D5QLRIctv63z"
                    },
                    {
                        "type": "commercial-music-service",
                        "id": "commercial-music-service-apple",
                        "label": "Apple Music",
                        "uri": "https://music.apple.com/gb/album/im-your-man/477441767?i=477441983"
                    }
                ]
            },
            {
                "type": "music_track",
                "id": "p002gdsj",
                "segment_type": "music",
                "title_list": {
                    "primary": "Franz Ferdinand",
                    "secondary": "No You Girls",
                    "tertiary": null
                },
                "synopses": null,
                "image_url": null,
                "offset": {
                    "start": 14000,
                    "end": 15000,
                    "label": null,
                    "now_playing": false
                },
                "uris": [
                    {
                        "type": "commercial-music-service",
                        "id": "commercial-music-service-spotify",
                        "label": "Spotify",
                        "uri": "https://open.spotify.com/track/4VP8QiCeaZq8BeTIUrMQOG"
                    },
                    {
                        "type": "commercial-music-service",
                        "id": "commercial-music-service-apple",
                        "label": "Apple Music",
                        "uri": "https://music.apple.com/gb/album/no-you-girls/300683347?i=300683350"
                    }
                ]
            },
            {
                "type": "music_track",
                "id": "p002gdsl",
                "segment_type": "music",
                "title_list": {
                    "primary": "The Beatles",
                    "secondary": "Got To Get You Into My Life",
                    "tertiary": null
                },
                "synopses": null,
                "image_url": null,
                "offset": {
                    "start": 15010,
                    "end": 16000,
                    "label": null,
                    "now_playing": false
                },
                "uris": [
                    {
                        "type": "commercial-music-service",
                        "id": "commercial-music-service-spotify",
                        "label": "Spotify",
                        "uri": "https://open.spotify.com/track/3tGhRLgcCP6SIZU3tbGl7l"
                    },
                    {
                        "type": "commercial-music-service",
                        "id": "commercial-music-service-apple",
                        "label": "Apple Music",
                        "uri": "https://music.apple.com/gb/album/hey-jude-remastered-2015/1541218898?i=1541218906"
                    }
                ]
            },
            {
                "type": "music_track",
                "id": "p002gdsm",
                "segment_type": "music",
                "title_list": {
                    "primary": "ShÃ¨na",
                    "secondary": "Can't Stop The Rain",
                    "tertiary": null
                },
                "synopses": null,
                "image_url": null,
                "offset": {
                    "start": 16010,
                    "end": 17500,
                    "label": null,
                    "now_playing": false
                },
                "uris": [
                    
                ]
            },
            {
                "type": "music_track",
                "id": "p002gdsp",
                "segment_type": "music",
                "title_list": {
                    "primary": "Yeh Yeh",
                    "secondary": null,
                    "tertiary": null
                },
                "synopses": null,
                "image_url": null,
                "offset": {
                    "start": 17600,
                    "end": 19000,
                    "label": null,
                    "now_playing": false
                },
                "uris": [
                    {
                        "type": "commercial-music-service",
                        "id": "commercial-music-service-spotify",
                        "label": "Spotify",
                        "uri": "https://open.spotify.com/track/1PYpdnXFzFO4VM5K8G4PCu"
                    },
                    {
                        "type": "commercial-music-service",
                        "id": "commercial-music-service-apple",
                        "label": "Apple Music",
                        "uri": "https://music.apple.com/gb/album/yeh-yeh/1442557790?i=1442557801"
                    }
                ]
            },
            {
                "type": "music_track",
                "id": "p002gdsr",
                "segment_type": "music",
                "title_list": {
                    "primary": "Johnnie Allan",
                    "secondary": "The Promised Land",
                    "tertiary": null
                },
                "synopses": null,
                "image_url": null,
                "offset": {
                    "start": 19010,
                    "end": 20000,
                    "label": null,
                    "now_playing": false
                },
                "uris": [
                    {
                        "type": "commercial-music-service",
                        "id": "commercial-music-service-apple",
                        "label": "Apple Music",
                        "uri": "https://music.apple.com/gb/album/promised-land/821324149?i=821324314"
                    }
                ]
            },
            {
                "type": "music_track",
                "id": "p002gdss",
                "segment_type": "music",
                "title_list": {
                    "primary": "Shontelle Featuring Akon",
                    "secondary": "Stuck With Each Other",
                    "tertiary": null
                },
                "synopses": null,
                "image_url": null,
                "offset": {
                    "start": 20100,
                    "end": 22000,
                    "label": null,
                    "now_playing": false
                },
                "uris": [
                    
                ]
            },
            {
                "type": "music_track",
                "id": "p002gdsv",
                "segment_type": "music",
                "title_list": {
                    "primary": "Joe Brown",
                    "secondary": "Ain't Too Old",
                    "tertiary": null
                },
                "synopses": null,
                "image_url": null,
                "offset": {
                    "start": 22100,
                    "end": 24000,
                    "label": null,
                    "now_playing": false
                },
                "uris": [
                    
                ]
            },
            {
                "type": "music_track",
                "id": "p002gdsx",
                "segment_type": "music",
                "title_list": {
                    "primary": "Nirvana",
                    "secondary": "Smells Like Teen Spirit",
                    "tertiary": null
                },
                "synopses": null,
                "image_url": null,
                "offset": {
                    "start": 24100,
                    "end": 26000,
                    "label": null,
                    "now_playing": false
                },
                "uris": [
                    {
                        "type": "commercial-music-service",
                        "id": "commercial-music-service-spotify",
                        "label": "Spotify",
                        "uri": "https://open.spotify.com/track/6mpyO7bJaCrHzE0iQEtZiN"
                    },
                    {
                        "type": "commercial-music-service",
                        "id": "commercial-music-service-apple",
                        "label": "Apple Music",
                        "uri": "https://music.apple.com/gb/album/smells-like-teen-spirit-live-at-del-mar-fairgrounds/1440917165?i=14174030"
                    }
                ]
            },
            {
                "type": "music_track",
                "id": "p002gdsz",
                "segment_type": "music",
                "title_list": {
                    "primary": "Terry Jacks",
                    "secondary": "Seasons In The Sun",
                    "tertiary": null
                },
                "synopses": null,
                "image_url": null,
                "offset": {
                    "start": 26100,
                    "end": 28000,
                    "label": null,
                    "now_playing": false
                },
                "uris": [
                    {
                        "type": "commercial-music-service",
                        "id": "commercial-music-service-spotify",
                        "label": "Spotify",
                        "uri": "https://open.spotify.com/track/6YN3NnkXoFWbHkPYNE0dG3"
                    },
                    {
                        "type": "commercial-music-service",
                        "id": "commercial-music-service-apple",
                        "label": "Apple Music",
                        "uri": "https://music.apple.com/gb/album/seasons-in-the-sun/355934056?i=355934698"
                    }
                ]
            }
        ]
    }

  &amp#27;[32mWhen &amp#27;[0m&amp#27;[32m&amp#27;[0m&amp#27;[32m&amp#27;[1m'Jo'&amp#27;[0m&amp#27;[32m requests music tracks&amp#27;[0m                                       &amp#27;[90m# io.testapi.rmsmedia.steps.MusicTracksSteps.requests_music_tracks(java.lang.String)&amp#27;[0m

    Unique IDs are: 
    [p002d79p, p002d7bc, p002d7jv, p002d7s3, p002gdsh, p002gdsj, p002gdsl, p002gdsm, p002gdsp, p002gdsr, p002gdss, p002gdsv, p002gdsx, p002gdsz]

  &amp#27;[32mThen &amp#27;[0m&amp#27;[32meach track should have a unique ID&amp#27;[0m                               &amp#27;[90m# io.testapi.rmsmedia.steps.MusicTracksSteps.each_track_should_have_a_unique_id()&amp#27;[0m

    Segment Types are: 
    [music, music, music, music, music, music, music, music, music, music, music, music, music, music]

  &amp#27;[32mAnd &amp#27;[0m&amp#27;[32meach track segment type should be &amp#27;[0m&amp#27;[32m&amp#27;[1m"music"&amp#27;[0m                         &amp#27;[90m# io.testapi.rmsmedia.steps.MusicTracksSteps.each_track_segment_type_should_be(java.lang.String)&amp#27;[0m

    Tested the scenario: Scenario-2: Each track has a unique ID and segment type music, it's status is: PASSED

]]></system-out>
  </testcase>
  <testcase name="Scenario-3: Each track has a primary title" classname="Music tracks API data validation" time="0.847">
    <system-out><![CDATA[
Scenario: Scenario-3: Each track has a primary title &amp#27;[90m# src/test/resources/features/music-tracks-data-validation.feature:16&amp#27;[0m

    Testing the scenario: Scenario-3: Each track has a primary title

  &amp#27;[32mGiven &amp#27;[0m&amp#27;[32m&amp#27;[0m&amp#27;[32m&amp#27;[1m'Jo'&amp#27;[0m&amp#27;[32m wants to browse music tracks&amp#27;[0m            &amp#27;[90m# io.testapi.rmsmedia.steps.MusicTracksSteps.wants_to_browse_music_tracks(java.lang.String)&amp#27;[0m
Request method:	GET
Request URI:	https://testapi.io/api/rmstest/media
Proxy:			<none>
Request params:	<none>
Query params:	<none>
Form params:	<none>
Path params:	<none>
Headers:		Accept=*/*
Cookies:		<none>
Multiparts:		<none>
Body:			<none>

    Request:
    Request Method: GET
    Request URI: https://testapi.io/api/rmstest/media
    Request Headers: Accept=*/*
    Request Body: No body


    Response:
    Response Status: 200
    Response Headers: Server=nginx/1.18.0 (Ubuntu)
    Content-Type=application/json
    Transfer-Encoding=chunked
    Connection=keep-alive
    Cache-Control=max-age=30, public, s-maxage=30, stale-if-error=7200, stale-while-revalidate=7200
    Date=Sat, 21 Sep 2024 23:53:54 GMT
    Pragma=public
    X-RateLimit-Limit=60
    X-RateLimit-Remaining=57
    Response Body: {
        "data": [
            {
                "type": "music_track",
                "id": "p002d79p",
                "segment_type": "music",
                "title_list": {
                    "primary": "John Mellencamp",
                    "secondary": "Jack And Diane",
                    "tertiary": null
                },
                "synopses": null,
                "image_url": null,
                "offset": {
                    "start": 100,
                    "end": 4500,
                    "label": null,
                    "now_playing": false
                },
                "uris": [
                    {
                        "type": "commercial-music-service",
                        "id": "commercial-music-service-spotify",
                        "label": "Spotify",
                        "uri": "https://open.spotify.com/track/43btz2xjMKpcmjkuRsvxyg"
                    },
                    {
                        "type": "commercial-music-service",
                        "id": "commercial-music-service-apple",
                        "label": "Apple Music",
                        "uri": "https://music.apple.com/gb/album/jack-diane/1440786233?i=1440786241"
                    }
                ]
            },
            {
                "type": "music_track",
                "id": "p002d7bc",
                "segment_type": "music",
                "title_list": {
                    "primary": "Nessa Jenkins & Bryn West (Ruth Jones and Rob Brydon) - Islands In The Stream (R.N.D)",
                    "secondary": null,
                    "tertiary": null
                },
                "synopses": null,
                "image_url": null,
                "offset": {
                    "start": 4550,
                    "end": 10000,
                    "label": null,
                    "now_playing": true
                },
                "uris": [
                    
                ]
            },
            {
                "type": "music_track",
                "id": "p002d7jv",
                "segment_type": "music",
                "title_list": {
                    "primary": "CeCe Peniston",
                    "secondary": "Finally",
                    "tertiary": null
                },
                "synopses": null,
                "image_url": null,
                "offset": {
                    "start": 10060,
                    "end": 12000,
                    "label": null,
                    "now_playing": false
                },
                "uris": [
                    {
                        "type": "commercial-music-service",
                        "id": "commercial-music-service-spotify",
                        "label": "Spotify",
                        "uri": "https://open.spotify.com/track/3eGK6iiWkXqMqpQcrRpDqV"
                    },
                    {
                        "type": "commercial-music-service",
                        "id": "commercial-music-service-apple",
                        "label": "Apple Music",
                        "uri": "https://music.apple.com/gb/album/finally-12-version/1444207021?i=1444208000"
                    }
                ]
            },
            {
                "type": "music_track",
                "id": "p002d7s3",
                "segment_type": "music",
                "title_list": {
                    "primary": "Candi Staton",
                    "secondary": "Young Hearts Run Free",
                    "tertiary": null
                },
                "synopses": null,
                "image_url": null,
                "offset": {
                    "start": 12046,
                    "end": 12857,
                    "label": null,
                    "now_playing": false
                },
                "uris": [
                    {
                        "type": "commercial-music-service",
                        "id": "commercial-music-service-spotify",
                        "label": "Spotify",
                        "uri": "https://open.spotify.com/track/3MFa9idQuY4iJLWsZl3tIQ"
                    },
                    {
                        "type": "commercial-music-service",
                        "id": "commercial-music-service-apple",
                        "label": "Apple Music",
                        "uri": "https://music.apple.com/gb/album/young-hearts-run-free/1560122078?i=1560126457"
                    }
                ]
            },
            {
                "type": "music_track",
                "id": "p002gdsh",
                "segment_type": "music",
                "title_list": {
                    "primary": "Wham!",
                    "secondary": "I'm Your Man",
                    "tertiary": null
                },
                "synopses": null,
                "image_url": null,
                "offset": {
                    "start": 13000,
                    "end": 13900,
                    "label": null,
                    "now_playing": false
                },
                "uris": [
                    {
                        "type": "commercial-music-service",
                        "id": "commercial-music-service-spotify",
                        "label": "Spotify",
                        "uri": "https://open.spotify.com/track/2gG7E5OZi5D5QLRIctv63z"
                    },
                    {
                        "type": "commercial-music-service",
                        "id": "commercial-music-service-apple",
                        "label": "Apple Music",
                        "uri": "https://music.apple.com/gb/album/im-your-man/477441767?i=477441983"
                    }
                ]
            },
            {
                "type": "music_track",
                "id": "p002gdsj",
                "segment_type": "music",
                "title_list": {
                    "primary": "Franz Ferdinand",
                    "secondary": "No You Girls",
                    "tertiary": null
                },
                "synopses": null,
                "image_url": null,
                "offset": {
                    "start": 14000,
                    "end": 15000,
                    "label": null,
                    "now_playing": false
                },
                "uris": [
                    {
                        "type": "commercial-music-service",
                        "id": "commercial-music-service-spotify",
                        "label": "Spotify",
                        "uri": "https://open.spotify.com/track/4VP8QiCeaZq8BeTIUrMQOG"
                    },
                    {
                        "type": "commercial-music-service",
                        "id": "commercial-music-service-apple",
                        "label": "Apple Music",
                        "uri": "https://music.apple.com/gb/album/no-you-girls/300683347?i=300683350"
                    }
                ]
            },
            {
                "type": "music_track",
                "id": "p002gdsl",
                "segment_type": "music",
                "title_list": {
                    "primary": "The Beatles",
                    "secondary": "Got To Get You Into My Life",
                    "tertiary": null
                },
                "synopses": null,
                "image_url": null,
                "offset": {
                    "start": 15010,
                    "end": 16000,
                    "label": null,
                    "now_playing": false
                },
                "uris": [
                    {
                        "type": "commercial-music-service",
                        "id": "commercial-music-service-spotify",
                        "label": "Spotify",
                        "uri": "https://open.spotify.com/track/3tGhRLgcCP6SIZU3tbGl7l"
                    },
                    {
                        "type": "commercial-music-service",
                        "id": "commercial-music-service-apple",
                        "label": "Apple Music",
                        "uri": "https://music.apple.com/gb/album/hey-jude-remastered-2015/1541218898?i=1541218906"
                    }
                ]
            },
            {
                "type": "music_track",
                "id": "p002gdsm",
                "segment_type": "music",
                "title_list": {
                    "primary": "ShÃ¨na",
                    "secondary": "Can't Stop The Rain",
                    "tertiary": null
                },
                "synopses": null,
                "image_url": null,
                "offset": {
                    "start": 16010,
                    "end": 17500,
                    "label": null,
                    "now_playing": false
                },
                "uris": [
                    
                ]
            },
            {
                "type": "music_track",
                "id": "p002gdsp",
                "segment_type": "music",
                "title_list": {
                    "primary": "Yeh Yeh",
                    "secondary": null,
                    "tertiary": null
                },
                "synopses": null,
                "image_url": null,
                "offset": {
                    "start": 17600,
                    "end": 19000,
                    "label": null,
                    "now_playing": false
                },
                "uris": [
                    {
                        "type": "commercial-music-service",
                        "id": "commercial-music-service-spotify",
                        "label": "Spotify",
                        "uri": "https://open.spotify.com/track/1PYpdnXFzFO4VM5K8G4PCu"
                    },
                    {
                        "type": "commercial-music-service",
                        "id": "commercial-music-service-apple",
                        "label": "Apple Music",
                        "uri": "https://music.apple.com/gb/album/yeh-yeh/1442557790?i=1442557801"
                    }
                ]
            },
            {
                "type": "music_track",
                "id": "p002gdsr",
                "segment_type": "music",
                "title_list": {
                    "primary": "Johnnie Allan",
                    "secondary": "The Promised Land",
                    "tertiary": null
                },
                "synopses": null,
                "image_url": null,
                "offset": {
                    "start": 19010,
                    "end": 20000,
                    "label": null,
                    "now_playing": false
                },
                "uris": [
                    {
                        "type": "commercial-music-service",
                        "id": "commercial-music-service-apple",
                        "label": "Apple Music",
                        "uri": "https://music.apple.com/gb/album/promised-land/821324149?i=821324314"
                    }
                ]
            },
            {
                "type": "music_track",
                "id": "p002gdss",
                "segment_type": "music",
                "title_list": {
                    "primary": "Shontelle Featuring Akon",
                    "secondary": "Stuck With Each Other",
                    "tertiary": null
                },
                "synopses": null,
                "image_url": null,
                "offset": {
                    "start": 20100,
                    "end": 22000,
                    "label": null,
                    "now_playing": false
                },
                "uris": [
                    
                ]
            },
            {
                "type": "music_track",
                "id": "p002gdsv",
                "segment_type": "music",
                "title_list": {
                    "primary": "Joe Brown",
                    "secondary": "Ain't Too Old",
                    "tertiary": null
                },
                "synopses": null,
                "image_url": null,
                "offset": {
                    "start": 22100,
                    "end": 24000,
                    "label": null,
                    "now_playing": false
                },
                "uris": [
                    
                ]
            },
            {
                "type": "music_track",
                "id": "p002gdsx",
                "segment_type": "music",
                "title_list": {
                    "primary": "Nirvana",
                    "secondary": "Smells Like Teen Spirit",
                    "tertiary": null
                },
                "synopses": null,
                "image_url": null,
                "offset": {
                    "start": 24100,
                    "end": 26000,
                    "label": null,
                    "now_playing": false
                },
                "uris": [
                    {
                        "type": "commercial-music-service",
                        "id": "commercial-music-service-spotify",
                        "label": "Spotify",
                        "uri": "https://open.spotify.com/track/6mpyO7bJaCrHzE0iQEtZiN"
                    },
                    {
                        "type": "commercial-music-service",
                        "id": "commercial-music-service-apple",
                        "label": "Apple Music",
                        "uri": "https://music.apple.com/gb/album/smells-like-teen-spirit-live-at-del-mar-fairgrounds/1440917165?i=14174030"
                    }
                ]
            },
            {
                "type": "music_track",
                "id": "p002gdsz",
                "segment_type": "music",
                "title_list": {
                    "primary": "Terry Jacks",
                    "secondary": "Seasons In The Sun",
                    "tertiary": null
                },
                "synopses": null,
                "image_url": null,
                "offset": {
                    "start": 26100,
                    "end": 28000,
                    "label": null,
                    "now_playing": false
                },
                "uris": [
                    {
                        "type": "commercial-music-service",
                        "id": "commercial-music-service-spotify",
                        "label": "Spotify",
                        "uri": "https://open.spotify.com/track/6YN3NnkXoFWbHkPYNE0dG3"
                    },
                    {
                        "type": "commercial-music-service",
                        "id": "commercial-music-service-apple",
                        "label": "Apple Music",
                        "uri": "https://music.apple.com/gb/album/seasons-in-the-sun/355934056?i=355934698"
                    }
                ]
            }
        ]
    }

  &amp#27;[32mWhen &amp#27;[0m&amp#27;[32m&amp#27;[0m&amp#27;[32m&amp#27;[1m'Jo'&amp#27;[0m&amp#27;[32m requests music tracks&amp#27;[0m                    &amp#27;[90m# io.testapi.rmsmedia.steps.MusicTracksSteps.requests_music_tracks(java.lang.String)&amp#27;[0m

    Primary titles are: 
    [John Mellencamp, Nessa Jenkins & Bryn West (Ruth Jones and Rob Brydon) - Islands In The Stream (R.N.D), CeCe Peniston, Candi Staton, Wham!, Franz Ferdinand, The Beatles, ShÃ¨na, Yeh Yeh, Johnnie Allan, Shontelle Featuring Akon, Joe Brown, Nirvana, Terry Jacks]

  &amp#27;[32mThen &amp#27;[0m&amp#27;[32meach track should have a primary title&amp#27;[0m        &amp#27;[90m# io.testapi.rmsmedia.steps.MusicTracksSteps.each_track_should_have_a_primary_title()&amp#27;[0m

    Tested the scenario: Scenario-3: Each track has a primary title, it's status is: PASSED

]]></system-out>
  </testcase>
  <testcase name="Scenario-4: Only one track is currently playing" classname="Music tracks API data validation" time="0.743">
    <system-out><![CDATA[
Scenario: Scenario-4: Only one track is currently playing &amp#27;[90m# src/test/resources/features/music-tracks-data-validation.feature:20&amp#27;[0m

    Testing the scenario: Scenario-4: Only one track is currently playing

  &amp#27;[32mGiven &amp#27;[0m&amp#27;[32m&amp#27;[0m&amp#27;[32m&amp#27;[1m'Jo'&amp#27;[0m&amp#27;[32m wants to browse music tracks&amp#27;[0m                 &amp#27;[90m# io.testapi.rmsmedia.steps.MusicTracksSteps.wants_to_browse_music_tracks(java.lang.String)&amp#27;[0m
Request method:	GET
Request URI:	https://testapi.io/api/rmstest/media
Proxy:			<none>
Request params:	<none>
Query params:	<none>
Form params:	<none>
Path params:	<none>
Headers:		Accept=*/*
Cookies:		<none>
Multiparts:		<none>
Body:			<none>

    Request:
    Request Method: GET
    Request URI: https://testapi.io/api/rmstest/media
    Request Headers: Accept=*/*
    Request Body: No body


    Response:
    Response Status: 200
    Response Headers: Server=nginx/1.18.0 (Ubuntu)
    Content-Type=application/json
    Transfer-Encoding=chunked
    Connection=keep-alive
    Cache-Control=max-age=30, public, s-maxage=30, stale-if-error=7200, stale-while-revalidate=7200
    Date=Sat, 21 Sep 2024 23:53:54 GMT
    Pragma=public
    X-RateLimit-Limit=60
    X-RateLimit-Remaining=56
    Response Body: {
        "data": [
            {
                "type": "music_track",
                "id": "p002d79p",
                "segment_type": "music",
                "title_list": {
                    "primary": "John Mellencamp",
                    "secondary": "Jack And Diane",
                    "tertiary": null
                },
                "synopses": null,
                "image_url": null,
                "offset": {
                    "start": 100,
                    "end": 4500,
                    "label": null,
                    "now_playing": false
                },
                "uris": [
                    {
                        "type": "commercial-music-service",
                        "id": "commercial-music-service-spotify",
                        "label": "Spotify",
                        "uri": "https://open.spotify.com/track/43btz2xjMKpcmjkuRsvxyg"
                    },
                    {
                        "type": "commercial-music-service",
                        "id": "commercial-music-service-apple",
                        "label": "Apple Music",
                        "uri": "https://music.apple.com/gb/album/jack-diane/1440786233?i=1440786241"
                    }
                ]
            },
            {
                "type": "music_track",
                "id": "p002d7bc",
                "segment_type": "music",
                "title_list": {
                    "primary": "Nessa Jenkins & Bryn West (Ruth Jones and Rob Brydon) - Islands In The Stream (R.N.D)",
                    "secondary": null,
                    "tertiary": null
                },
                "synopses": null,
                "image_url": null,
                "offset": {
                    "start": 4550,
                    "end": 10000,
                    "label": null,
                    "now_playing": true
                },
                "uris": [
                    
                ]
            },
            {
                "type": "music_track",
                "id": "p002d7jv",
                "segment_type": "music",
                "title_list": {
                    "primary": "CeCe Peniston",
                    "secondary": "Finally",
                    "tertiary": null
                },
                "synopses": null,
                "image_url": null,
                "offset": {
                    "start": 10060,
                    "end": 12000,
                    "label": null,
                    "now_playing": false
                },
                "uris": [
                    {
                        "type": "commercial-music-service",
                        "id": "commercial-music-service-spotify",
                        "label": "Spotify",
                        "uri": "https://open.spotify.com/track/3eGK6iiWkXqMqpQcrRpDqV"
                    },
                    {
                        "type": "commercial-music-service",
                        "id": "commercial-music-service-apple",
                        "label": "Apple Music",
                        "uri": "https://music.apple.com/gb/album/finally-12-version/1444207021?i=1444208000"
                    }
                ]
            },
            {
                "type": "music_track",
                "id": "p002d7s3",
                "segment_type": "music",
                "title_list": {
                    "primary": "Candi Staton",
                    "secondary": "Young Hearts Run Free",
                    "tertiary": null
                },
                "synopses": null,
                "image_url": null,
                "offset": {
                    "start": 12046,
                    "end": 12857,
                    "label": null,
                    "now_playing": false
                },
                "uris": [
                    {
                        "type": "commercial-music-service",
                        "id": "commercial-music-service-spotify",
                        "label": "Spotify",
                        "uri": "https://open.spotify.com/track/3MFa9idQuY4iJLWsZl3tIQ"
                    },
                    {
                        "type": "commercial-music-service",
                        "id": "commercial-music-service-apple",
                        "label": "Apple Music",
                        "uri": "https://music.apple.com/gb/album/young-hearts-run-free/1560122078?i=1560126457"
                    }
                ]
            },
            {
                "type": "music_track",
                "id": "p002gdsh",
                "segment_type": "music",
                "title_list": {
                    "primary": "Wham!",
                    "secondary": "I'm Your Man",
                    "tertiary": null
                },
                "synopses": null,
                "image_url": null,
                "offset": {
                    "start": 13000,
                    "end": 13900,
                    "label": null,
                    "now_playing": false
                },
                "uris": [
                    {
                        "type": "commercial-music-service",
                        "id": "commercial-music-service-spotify",
                        "label": "Spotify",
                        "uri": "https://open.spotify.com/track/2gG7E5OZi5D5QLRIctv63z"
                    },
                    {
                        "type": "commercial-music-service",
                        "id": "commercial-music-service-apple",
                        "label": "Apple Music",
                        "uri": "https://music.apple.com/gb/album/im-your-man/477441767?i=477441983"
                    }
                ]
            },
            {
                "type": "music_track",
                "id": "p002gdsj",
                "segment_type": "music",
                "title_list": {
                    "primary": "Franz Ferdinand",
                    "secondary": "No You Girls",
                    "tertiary": null
                },
                "synopses": null,
                "image_url": null,
                "offset": {
                    "start": 14000,
                    "end": 15000,
                    "label": null,
                    "now_playing": false
                },
                "uris": [
                    {
                        "type": "commercial-music-service",
                        "id": "commercial-music-service-spotify",
                        "label": "Spotify",
                        "uri": "https://open.spotify.com/track/4VP8QiCeaZq8BeTIUrMQOG"
                    },
                    {
                        "type": "commercial-music-service",
                        "id": "commercial-music-service-apple",
                        "label": "Apple Music",
                        "uri": "https://music.apple.com/gb/album/no-you-girls/300683347?i=300683350"
                    }
                ]
            },
            {
                "type": "music_track",
                "id": "p002gdsl",
                "segment_type": "music",
                "title_list": {
                    "primary": "The Beatles",
                    "secondary": "Got To Get You Into My Life",
                    "tertiary": null
                },
                "synopses": null,
                "image_url": null,
                "offset": {
                    "start": 15010,
                    "end": 16000,
                    "label": null,
                    "now_playing": false
                },
                "uris": [
                    {
                        "type": "commercial-music-service",
                        "id": "commercial-music-service-spotify",
                        "label": "Spotify",
                        "uri": "https://open.spotify.com/track/3tGhRLgcCP6SIZU3tbGl7l"
                    },
                    {
                        "type": "commercial-music-service",
                        "id": "commercial-music-service-apple",
                        "label": "Apple Music",
                        "uri": "https://music.apple.com/gb/album/hey-jude-remastered-2015/1541218898?i=1541218906"
                    }
                ]
            },
            {
                "type": "music_track",
                "id": "p002gdsm",
                "segment_type": "music",
                "title_list": {
                    "primary": "ShÃ¨na",
                    "secondary": "Can't Stop The Rain",
                    "tertiary": null
                },
                "synopses": null,
                "image_url": null,
                "offset": {
                    "start": 16010,
                    "end": 17500,
                    "label": null,
                    "now_playing": false
                },
                "uris": [
                    
                ]
            },
            {
                "type": "music_track",
                "id": "p002gdsp",
                "segment_type": "music",
                "title_list": {
                    "primary": "Yeh Yeh",
                    "secondary": null,
                    "tertiary": null
                },
                "synopses": null,
                "image_url": null,
                "offset": {
                    "start": 17600,
                    "end": 19000,
                    "label": null,
                    "now_playing": false
                },
                "uris": [
                    {
                        "type": "commercial-music-service",
                        "id": "commercial-music-service-spotify",
                        "label": "Spotify",
                        "uri": "https://open.spotify.com/track/1PYpdnXFzFO4VM5K8G4PCu"
                    },
                    {
                        "type": "commercial-music-service",
                        "id": "commercial-music-service-apple",
                        "label": "Apple Music",
                        "uri": "https://music.apple.com/gb/album/yeh-yeh/1442557790?i=1442557801"
                    }
                ]
            },
            {
                "type": "music_track",
                "id": "p002gdsr",
                "segment_type": "music",
                "title_list": {
                    "primary": "Johnnie Allan",
                    "secondary": "The Promised Land",
                    "tertiary": null
                },
                "synopses": null,
                "image_url": null,
                "offset": {
                    "start": 19010,
                    "end": 20000,
                    "label": null,
                    "now_playing": false
                },
                "uris": [
                    {
                        "type": "commercial-music-service",
                        "id": "commercial-music-service-apple",
                        "label": "Apple Music",
                        "uri": "https://music.apple.com/gb/album/promised-land/821324149?i=821324314"
                    }
                ]
            },
            {
                "type": "music_track",
                "id": "p002gdss",
                "segment_type": "music",
                "title_list": {
                    "primary": "Shontelle Featuring Akon",
                    "secondary": "Stuck With Each Other",
                    "tertiary": null
                },
                "synopses": null,
                "image_url": null,
                "offset": {
                    "start": 20100,
                    "end": 22000,
[...]
Request method:	GET
Request URI:	https://testapi.io/api/rmstest/media
Proxy:			<none>
Request params:	<none>
Query params:	<none>
Form params:	<none>
Path params:	<none>
Headers:		Accept=*/*
Cookies:		<none>
Multiparts:		<none>
Body:			<none>

    Request:
    Request Method: GET
    Request URI: https://testapi.io/api/rmstest/media
    Request Headers: Accept=*/*
    Request Body: No body


    Response:
    Response Status: 200
    Response Headers: Server=nginx/1.18.0 (Ubuntu)
    Content-Type=application/json
    Transfer-Encoding=chunked
    Connection=keep-alive
    Cache-Control=max-age=30, public, s-maxage=30, stale-if-error=7200, stale-while-revalidate=7200
    Date=Sat, 21 Sep 2024 23:53:55 GMT
    Pragma=public
    X-RateLimit-Limit=60
    X-RateLimit-Remaining=55
    Response Body: {
        "data": [
            {
                "type": "music_track",
                "id": "p002d79p",
                "segment_type": "music",
                "title_list": {
                    "primary": "John Mellencamp",
                    "secondary": "Jack And Diane",
                    "tertiary": null
                },
                "synopses": null,
                "image_url": null,
                "offset": {
                    "start": 100,
                    "end": 4500,
                    "label": null,
                    "now_playing": false
                },
                "uris": [
                    {
                        "type": "commercial-music-service",
                        "id": "commercial-music-service-spotify",
                        "label": "Spotify",
                        "uri": "https://open.spotify.com/track/43btz2xjMKpcmjkuRsvxyg"
                    },
                    {
                        "type": "commercial-music-service",
                        "id": "commercial-music-service-apple",
                        "label": "Apple Music",
                        "uri": "https://music.apple.com/gb/album/jack-diane/1440786233?i=1440786241"
                    }
                ]
            },
            {
                "type": "music_track",
                "id": "p002d7bc",
                "segment_type": "music",
                "title_list": {
                    "primary": "Nessa Jenkins & Bryn West (Ruth Jones and Rob Brydon) - Islands In The Stream (R.N.D)",
                    "secondary": null,
                    "tertiary": null
                },
                "synopses": null,
                "image_url": null,
                "offset": {
                    "start": 4550,
                    "end": 10000,
                    "label": null,
                    "now_playing": true
                },
                "uris": [
                    
                ]
            },
            {
                "type": "music_track",
                "id": "p002d7jv",
                "segment_type": "music",
                "title_list": {
                    "primary": "CeCe Peniston",
                    "secondary": "Finally",
                    "tertiary": null
                },
                "synopses": null,
                "image_url": null,
                "offset": {
                    "start": 10060,
                    "end": 12000,
                    "label": null,
                    "now_playing": false
                },
                "uris": [
                    {
                        "type": "commercial-music-service",
                        "id": "commercial-music-service-spotify",
                        "label": "Spotify",
                        "uri": "https://open.spotify.com/track/3eGK6iiWkXqMqpQcrRpDqV"
                    },
                    {
                        "type": "commercial-music-service",
                        "id": "commercial-music-service-apple",
                        "label": "Apple Music",
                        "uri": "https://music.apple.com/gb/album/finally-12-version/1444207021?i=1444208000"
                    }
                ]
            },
            {
                "type": "music_track",
                "id": "p002d7s3",
                "segment_type": "music",
                "title_list": {
                    "primary": "Candi Staton",
                    "secondary": "Young Hearts Run Free",
                    "tertiary": null
                },
                "synopses": null,
                "image_url": null,
                "offset": {
                    "start": 12046,
                    "end": 12857,
                    "label": null,
                    "now_playing": false
                },
                "uris": [
                    {
                        "type": "commercial-music-service",
                        "id": "commercial-music-service-spotify",
                        "label": "Spotify",
                        "uri": "https://open.spotify.com/track/3MFa9idQuY4iJLWsZl3tIQ"
                    },
                    {
                        "type": "commercial-music-service",
                        "id": "commercial-music-service-apple",
                        "label": "Apple Music",
                        "uri": "https://music.apple.com/gb/album/young-hearts-run-free/1560122078?i=1560126457"
                    }
                ]
            },
            {
                "type": "music_track",
                "id": "p002gdsh",
                "segment_type": "music",
                "title_list": {
                    "primary": "Wham!",
                    "secondary": "I'm Your Man",
                    "tertiary": null
                },
                "synopses": null,
                "image_url": null,
                "offset": {
                    "start": 13000,
                    "end": 13900,
                    "label": null,
                    "now_playing": false
                },
                "uris": [
                    {
                        "type": "commercial-music-service",
                        "id": "commercial-music-service-spotify",
                        "label": "Spotify",
                        "uri": "https://open.spotify.com/track/2gG7E5OZi5D5QLRIctv63z"
                    },
                    {
                        "type": "commercial-music-service",
                        "id": "commercial-music-service-apple",
                        "label": "Apple Music",
                        "uri": "https://music.apple.com/gb/album/im-your-man/477441767?i=477441983"
                    }
                ]
            },
            {
                "type": "music_track",
                "id": "p002gdsj",
                "segment_type": "music",
                "title_list": {
                    "primary": "Franz Ferdinand",
                    "secondary": "No You Girls",
                    "tertiary": null
                },
                "synopses": null,
                "image_url": null,
                "offset": {
                    "start": 14000,
                    "end": 15000,
                    "label": null,
                    "now_playing": false
                },
                "uris": [
                    {
                        "type": "commercial-music-service",
                        "id": "commercial-music-service-spotify",
                        "label": "Spotify",
                        "uri": "https://open.spotify.com/track/4VP8QiCeaZq8BeTIUrMQOG"
                    },
                    {
                        "type": "commercial-music-service",
                        "id": "commercial-music-service-apple",
                        "label": "Apple Music",
                        "uri": "https://music.apple.com/gb/album/no-you-girls/300683347?i=300683350"
                    }
                ]
            },
            {
                "type": "music_track",
                "id": "p002gdsl",
                "segment_type": "music",
                "title_list": {
                    "primary": "The Beatles",
                    "secondary": "Got To Get You Into My Life",
                    "tertiary": null
                },
                "synopses": null,
                "image_url": null,
                "offset": {
                    "start": 15010,
                    "end": 16000,
                    "label": null,
                    "now_playing": false
                },
                "uris": [
                    {
                        "type": "commercial-music-service",
                        "id": "commercial-music-service-spotify",
                        "label": "Spotify",
                        "uri": "https://open.spotify.com/track/3tGhRLgcCP6SIZU3tbGl7l"
                    },
                    {
                        "type": "commercial-music-service",
                        "id": "commercial-music-service-apple",
                        "label": "Apple Music",
                        "uri": "https://music.apple.com/gb/album/hey-jude-remastered-2015/1541218898?i=1541218906"
                    }
                ]
            },
            {
                "type": "music_track",
                "id": "p002gdsm",
                "segment_type": "music",
                "title_list": {
                    "primary": "ShÃ¨na",
                    "secondary": "Can't Stop The Rain",
                    "tertiary": null
                },
                "synopses": null,
                "image_url": null,
                "offset": {
                    "start": 16010,
                    "end": 17500,
                    "label": null,
                    "now_playing": false
                },
                "uris": [
                    
                ]
            },
            {
                "type": "music_track",
                "id": "p002gdsp",
                "segment_type": "music",
                "title_list": {
                    "primary": "Yeh Yeh",
                    "secondary": null,
                    "tertiary": null
                },
                "synopses": null,
                "image_url": null,
                "offset": {
                    "start": 17600,
                    "end": 19000,
                    "label": null,
                    "now_playing": false
                },
                "uris": [
                    {
                        "type": "commercial-music-service",
                        "id": "commercial-music-service-spotify",
                        "label": "Spotify",
                        "uri": "https://open.spotify.com/track/1PYpdnXFzFO4VM5K8G4PCu"
                    },
                    {
                        "type": "commercial-music-service",
                        "id": "commercial-music-service-apple",
                        "label": "Apple Music",
                        "uri": "https://music.apple.com/gb/album/yeh-yeh/1442557790?i=1442557801"
                    }
                ]
            },
            {
                "type": "music_track",
                "id": "p002gdsr",
                "segment_type": "music",
                "title_list": {
                    "primary": "Johnnie Allan",
                    "secondary": "The Promised Land",
                    "tertiary": null
                },
                "synopses": null,
                "image_url": null,
                "offset": {
                    "start": 19010,
                    "end": 20000,
                    "label": null,
                    "now_playing": false
                },
                "uris": [
                    {
                        "type": "commercial-music-service",
                        "id": "commercial-music-service-apple",
                        "label": "Apple Music",
                        "uri": "https://music.apple.com/gb/album/promised-land/821324149?i=821324314"
                    }
                ]
            },
            {
                "type": "music_track",
                "id": "p002gdss",
                "segment_type": "music",
                "title_list": {
                    "primary": "Shontelle Featuring Akon",
                    "secondary": "Stuck With Each Other",
                    "tertiary": null
                },
                "synopses": null,
                "image_url": null,
                "offset": {
                    "start": 20100,
                    "end": 22000,
                    "label": null,
                    "now_playing": false
                },
                "uris": [
                    
                ]
            },
            {
                "type": "music_track",
                "id": "p002gdsv",
                "segment_type": "music",
                "title_list": {
                    "primary": "Joe Brown",
                    "secondary": "Ain't Too Old",
                    "tertiary": null
                },
                "synopses": null,
                "image_url": null,
                "offset": {
                    "start": 22100,
                    "end": 24000,
                    "label": null,
                    "now_playing": false
                },
                "uris": [
                    
                ]
            },
            {
                "type": "music_track",
                "id": "p002gdsx",
                "segment_type": "music",
                "title_list": {
                    "primary": "Nirvana",
                    "secondary": "Smells Like Teen Spirit",
                    "tertiary": null
                },
                "synopses": null,
                "image_url": null,
                "offset": {
                    "start": 24100,
                    "end": 26000,
                    "label": null,
                    "now_playing": false
                },
                "uris": [
                    {
                        "type": "commercial-music-service",
                        "id": "commercial-music-service-spotify",
                        "label": "Spotify",
                        "uri": "https://open.spotify.com/track/6mpyO7bJaCrHzE0iQEtZiN"
                    },
                    {
                        "type": "commercial-music-service",
                        "id": "commercial-music-service-apple",
                        "label": "Apple Music",
                        "uri": "https://music.apple.com/gb/album/smells-like-teen-spirit-live-at-del-mar-fairgrounds/1440917165?i=14174030"
                    }
                ]
            },
            {
                "type": "music_track",
                "id": "p002gdsz",
                "segment_type": "music",
                "title_list": {
                    "primary": "Terry Jacks",
                    "secondary": "Seasons In The Sun",
                    "tertiary": null
                },
                "synopses": null,
                "image_url": null,
                "offset": {
                    "start": 26100,
                    "end": 28000,
                    "label": null,
                    "now_playing": false
                },
                "uris": [
                    {
                        "type": "commercial-music-service",
                        "id": "commercial-music-service-spotify",
                        "label": "Spotify",
                        "uri": "https://open.spotify.com/track/6YN3NnkXoFWbHkPYNE0dG3"
                    },
                    {
                        "type": "commercial-music-service",
                        "id": "commercial-music-service-apple",
                        "label": "Apple Music",
                        "uri": "https://music.apple.com/gb/album/seasons-in-the-sun/355934056?i=355934698"
                    }
                ]
            }
        ]
    }

  &amp#27;[32mWhen &amp#27;[0m&amp#27;[32m&amp#27;[0m&amp#27;[32m&amp#27;[1m'Jo'&amp#27;[0m&amp#27;[32m requests music tracks&amp#27;[0m                   &amp#27;[90m# io.testapi.rmsmedia.steps.MusicTracksSteps.requests_music_tracks(java.lang.String)&amp#27;[0m
  &amp#27;[31mThen &amp#27;[0m&amp#27;[31mthe response header date should be today&amp#27;[0m     &amp#27;[90m# io.testapi.rmsmedia.steps.MusicTracksSteps.the_response_header_date_should_be_today()&amp#27;[0m
      &amp#27;[31mjava.lang.AssertionError: 1 expectation failed.
Expected header "Date" was not "Sat, 21 Sep 2024 23:53:54 GMT", was "Sat, 21 Sep 2024 23:53:55 GMT". Headers are:
Server=nginx/1.18.0 (Ubuntu)
Content-Type=application/json
Transfer-Encoding=chunked
Connection=keep-alive
Cache-Control=max-age=30, public, s-maxage=30, stale-if-error=7200, stale-while-revalidate=7200
Date=Sat, 21 Sep 2024 23:53:55 GMT
Pragma=public
X-RateLimit-Limit=60
X-RateLimit-Remaining=55

	at java.base/jdk.internal.reflect.NativeConstructorAccessorImpl.newInstance0(Native Method)
	at java.base/jdk.internal.reflect.NativeConstructorAccessorImpl.newInstance(NativeConstructorAccessorImpl.java:62)
	at java.base/jdk.internal.reflect.DelegatingConstructorAccessorImpl.newInstance(DelegatingConstructorAccessorImpl.java:45)
	at java.base/java.lang.reflect.Constructor.newInstance(Constructor.java:490)
	at org.codehaus.groovy.reflection.CachedConstructor.invoke(CachedConstructor.java:73)
	at org.codehaus.groovy.reflection.CachedConstructor.doConstructorInvoke(CachedConstructor.java:60)
	at org.codehaus.groovy.runtime.callsite.ConstructorSite$ConstructorSiteNoUnwrap.callConstructor(ConstructorSite.java:86)
	at org.codehaus.groovy.runtime.callsite.CallSiteArray.defaultCallConstructor(CallSiteArray.java:57)
	at org.codehaus.groovy.runtime.callsite.AbstractCallSite.callConstructor(AbstractCallSite.java:263)
	at org.codehaus.groovy.runtime.callsite.AbstractCallSite.callConstructor(AbstractCallSite.java:277)
	at io.restassured.internal.ResponseSpecificationImpl$HamcrestAssertionClosure.validate(ResponseSpecificationImpl.groovy:512)
	at io.restassured.internal.ResponseSpecificationImpl$HamcrestAssertionClosure$validate$1.call(Unknown Source)
	at io.restassured.internal.ResponseSpecificationImpl.validateResponseIfRequired(ResponseSpecificationImpl.groovy:696)
	at io.restassured.internal.ResponseSpecificationImpl.this$2$validateResponseIfRequired(ResponseSpecificationImpl.groovy)
	at java.base/jdk.internal.reflect.NativeMethodAccessorImpl.invoke0(Native Method)
	at java.base/jdk.internal.reflect.NativeMethodAccessorImpl.invoke(NativeMethodAccessorImpl.java:62)
	at java.base/jdk.internal.reflect.DelegatingMethodAccessorImpl.invoke(DelegatingMethodAccessorImpl.java:43)
	at java.base/java.lang.reflect.Method.invoke(Method.java:566)
	at org.codehaus.groovy.runtime.callsite.PlainObjectMetaMethodSite.doInvoke(PlainObjectMetaMethodSite.java:43)
	at org.codehaus.groovy.runtime.callsite.PogoMetaMethodSite$PogoCachedMethodSiteNoUnwrapNoCoerce.invoke(PogoMetaMethodSite.java:198)
	at org.codehaus.groovy.runtime.callsite.PogoMetaMethodSite.callCurrent(PogoMetaMethodSite.java:62)
	at org.codehaus.groovy.runtime.callsite.CallSiteArray.defaultCallCurrent(CallSiteArray.java:49)
	at org.codehaus.groovy.runtime.callsite.AbstractCallSite.callCurrent(AbstractCallSite.java:171)
	at org.codehaus.groovy.runtime.callsite.AbstractCallSite.callCurrent(AbstractCallSite.java:185)
	at io.restassured.internal.ResponseSpecificationImpl.header(ResponseSpecificationImpl.groovy:191)
	at io.restassured.internal.ValidatableResponseOptionsImpl.header(ValidatableResponseOptionsImpl.java:114)
	at io.testapi.rmsmedia.steps.MusicTracksSteps.the_response_header_date_should_be_today(MusicTracksSteps.java:143)
	at âœ½.the response header date should be today(file:///C:/Users/shwea/Downloads/music-tracks-api/music-tracks-api/src/test/resources/features/music-tracks-data-validation.feature:26)
&amp#27;[0m

    Tested the scenario: Scenario-5: Response header date is today, it's status is: FAILED

]]></system-out>
  </testcase>
</testsuite>